
> my-profile@0.1.0 build
> next build

??Next.js 16.1.6 (Turbopack)

  Creating an optimized production build ...
npm : 
위치 줄:1 문자:1
+ npm run build > build
.log 2>&1
+ ~~~~~~~~~~~~~~~~~~~~~
~~~~~~~~~
    + CategoryInfo     
         : NotSpecifi  
  ed: (:String) [],    
 RemoteException
    + FullyQualifiedEr 
   rorId : NativeComm  
  andError
 
> Build error occurred
Error: Turbopack build 
failed with 6 errors:
./app/page.tsx:4:1
Export Github doesn't e
xist in target module
[0m [90m 2 |[39m
 [90m 3 |[39m [36mim
port[39m { motion } [
36mfrom[39m [32m"fram
er-motion"[39m[33m;[
39m
[31m[1m>[22m[39m[9
0m 4 |[39m [36mimport
[39m { [33mGithub[39
m[33m,[39m [33mTwitt
er[39m[33m,[39m [33
mLinkedin[39m[33m,[3
9m [33mMail[39m[33m,
[39m [33mMapPin[39m
[33m,[39m [33mSparkle
s[39m[33m,[39m [33m
ExternalLink[39m } [3
6mfrom[39m [32m"lucid
e-react"[39m[33m;[39
m
 [90m   |[39m [31m[
1m^[22m[39m[31m[1m^
[22m[39m[31m[1m^[2
2m[39m[31m[1m^[22m
[39m[31m[1m^[22m[39
m[31m[1m^[22m[39m[
31m[1m^[22m[39m[31m
[1m^[22m[39m[31m[1
m^[22m[39m[31m[1m^
[22m[39m[31m[1m^[22
m[39m[31m[1m^[22m[
39m[31m[1m^[22m[39m
[31m[1m^[22m[39m[3
1m[1m^[22m[39m[31m
[1m^[22m[39m[31m[1m
^[22m[39m[31m[1m^[
22m[39m[31m[1m^[22m
[39m[31m[1m^[22m[3
9m[31m[1m^[22m[39m
[31m[1m^[22m[39m[31
m[1m^[22m[39m[31m[
1m^[22m[39m[31m[1m^
[22m[39m[31m[1m^[2
2m[39m[31m[1m^[22m
[39m[31m[1m^[22m[39
m[31m[1m^[22m[39m[
31m[1m^[22m[39m[31m
[1m^[22m[39m[31m[1
m^[22m[39m[31m[1m^
[22m[39m[31m[1m^[22
m[39m[31m[1m^[22m[
39m[31m[1m^[22m[39m
[31m[1m^[22m[39m[3
1m[1m^[22m[39m[31m
[1m^[22m[39m[31m[1m
^[22m[39m[31m[1m^[
22m[39m[31m[1m^[22m
[39m[31m[1m^[22m[3
9m[31m[1m^[22m[39m
[31m[1m^[22m[39m[31
m[1m^[22m[39m[31m[
1m^[22m[39m[31m[1m^
[22m[39m[31m[1m^[2
2m[39m[31m[1m^[22m
[39m[31m[1m^[22m[39
m[31m[1m^[22m[39m[
31m[1m^[22m[39m[31m
[1m^[22m[39m[31m[1
m^[22m[39m[31m[1m^
[22m[39m[31m[1m^[22
m[39m[31m[1m^[22m[
39m[31m[1m^[22m[39m
[31m[1m^[22m[39m[3
1m[1m^[22m[39m[31m
[1m^[22m[39m[31m[1m
^[22m[39m[31m[1m^[
22m[39m[31m[1m^[22m
[39m[31m[1m^[22m[3
9m[31m[1m^[22m[39m
[31m[1m^[22m[39m[31
m[1m^[22m[39m[31m[
1m^[22m[39m[31m[1m^
[22m[39m[31m[1m^[2
2m[39m[31m[1m^[22m
[39m[31m[1m^[22m[39
m[31m[1m^[22m[39m[
31m[1m^[22m[39m[31m
[1m^[22m[39m[31m[1
m^[22m[39m[31m[1m^
[22m[39m[31m[1m^[22
m[39m[31m[1m^[22m[
39m[31m[1m^[22m[39m
[31m[1m^[22m[39m[3
1m[1m^[22m[39m[31m
[1m^[22m[39m[31m[1m
^[22m[39m[31m[1m^[
22m[39m[31m[1m^[22m
[39m[31m[1m^[22m[3
9m[31m[1m^[22m[39m
[31m[1m^[22m[39m[31
m[1m^[22m[39m[31m[
1m^[22m[39m[31m[1m^
[22m[39m[31m[1m^[2
2m[39m
 [90m 5 |[39m
 [90m 6 |[39m [36mex
port[39m [36mdefault
[39m [36mfunction[39m
 [33mHome[39m() {
 [90m 7 |[39m   [36m
const[39m profile [33
m=[39m {[0m

The export Github was n
ot found in module [pro
ject]/node_modules/luci
de-react/dist/esm/lucid
e-react.js [app-client]
 (ecmascript).
Did you mean to import 
Gift?
All exports of the modu
le are statically known
 (It doesn't have dynam
ic exports). So it's kn
own statically that the
 requested export doesn
't exist.

Import traces:
  Client Component Brow
ser:
    ./app/page.tsx [Cli
ent Component Browser]
    ./app/page.tsx [Ser
ver Component]

  Client Component SSR:
    ./app/page.tsx [Cli
ent Component SSR]
    ./app/page.tsx [Ser
ver Component]


./app/page.tsx:4:1
Export Github doesn't e
xist in target module
[0m [90m 2 |[39m
 [90m 3 |[39m [36mim
port[39m { motion } [
36mfrom[39m [32m"fram
er-motion"[39m[33m;[
39m
[31m[1m>[22m[39m[9
0m 4 |[39m [36mimport
[39m { [33mGithub[39
m[33m,[39m [33mTwitt
er[39m[33m,[39m [33
mLinkedin[39m[33m,[3
9m [33mMail[39m[33m,
[39m [33mMapPin[39m
[33m,[39m [33mSparkle
s[39m[33m,[39m [33m
ExternalLink[39m } [3
6mfrom[39m [32m"lucid
e-react"[39m[33m;[39
m
 [90m   |[39m [31m[
1m^[22m[39m[31m[1m^
[22m[39m[31m[1m^[2
2m[39m[31m[1m^[22m
[39m[31m[1m^[22m[39
m[31m[1m^[22m[39m[
31m[1m^[22m[39m[31m
[1m^[22m[39m[31m[1
m^[22m[39m[31m[1m^
[22m[39m[31m[1m^[22
m[39m[31m[1m^[22m[
39m[31m[1m^[22m[39m
[31m[1m^[22m[39m[3
1m[1m^[22m[39m[31m
[1m^[22m[39m[31m[1m
^[22m[39m[31m[1m^[
22m[39m[31m[1m^[22m
[39m[31m[1m^[22m[3
9m[31m[1m^[22m[39m
[31m[1m^[22m[39m[31
m[1m^[22m[39m[31m[
1m^[22m[39m[31m[1m^
[22m[39m[31m[1m^[2
2m[39m[31m[1m^[22m
[39m[31m[1m^[22m[39
m[31m[1m^[22m[39m[
31m[1m^[22m[39m[31m
[1m^[22m[39m[31m[1
m^[22m[39m[31m[1m^
[22m[39m[31m[1m^[22
m[39m[31m[1m^[22m[
39m[31m[1m^[22m[39m
[31m[1m^[22m[39m[3
1m[1m^[22m[39m[31m
[1m^[22m[39m[31m[1m
^[22m[39m[31m[1m^[
22m[39m[31m[1m^[22m
[39m[31m[1m^[22m[3
9m[31m[1m^[22m[39m
[31m[1m^[22m[39m[31
m[1m^[22m[39m[31m[
1m^[22m[39m[31m[1m^
[22m[39m[31m[1m^[2
2m[39m[31m[1m^[22m
[39m[31m[1m^[22m[39
m[31m[1m^[22m[39m[
31m[1m^[22m[39m[31m
[1m^[22m[39m[31m[1
m^[22m[39m[31m[1m^
[22m[39m[31m[1m^[22
m[39m[31m[1m^[22m[
39m[31m[1m^[22m[39m
[31m[1m^[22m[39m[3
1m[1m^[22m[39m[31m
[1m^[22m[39m[31m[1m
^[22m[39m[31m[1m^[
22m[39m[31m[1m^[22m
[39m[31m[1m^[22m[3
9m[31m[1m^[22m[39m
[31m[1m^[22m[39m[31
m[1m^[22m[39m[31m[
1m^[22m[39m[31m[1m^
[22m[39m[31m[1m^[2
2m[39m[31m[1m^[22m
[39m[31m[1m^[22m[39
m[31m[1m^[22m[39m[
31m[1m^[22m[39m[31m
[1m^[22m[39m[31m[1
m^[22m[39m[31m[1m^
[22m[39m[31m[1m^[22
m[39m[31m[1m^[22m[
39m[31m[1m^[22m[39m
[31m[1m^[22m[39m[3
1m[1m^[22m[39m[31m
[1m^[22m[39m[31m[1m
^[22m[39m[31m[1m^[
22m[39m[31m[1m^[22m
[39m[31m[1m^[22m[3
9m[31m[1m^[22m[39m
[31m[1m^[22m[39m[31
m[1m^[22m[39m[31m[
1m^[22m[39m[31m[1m^
[22m[39m[31m[1m^[2
2m[39m
 [90m 5 |[39m
 [90m 6 |[39m [36mex
port[39m [36mdefault
[39m [36mfunction[39m
 [33mHome[39m() {
 [90m 7 |[39m   [36m
const[39m profile [33
m=[39m {[0m

The export Github was n
ot found in module [pro
ject]/node_modules/luci
de-react/dist/esm/lucid
e-react.js [app-ssr] (e
cmascript).
Did you mean to import 
Gift?
All exports of the modu
le are statically known
 (It doesn't have dynam
ic exports). So it's kn
own statically that the
 requested export doesn
't exist.

Import traces:
  Client Component Brow
ser:
    ./app/page.tsx [Cli
ent Component Browser]
    ./app/page.tsx [Ser
ver Component]

  Client Component SSR:
    ./app/page.tsx [Cli
ent Component SSR]
    ./app/page.tsx [Ser
ver Component]


./app/page.tsx:4:1
Export Linkedin doesn't
 exist in target module
[0m [90m 2 |[39m
 [90m 3 |[39m [36mim
port[39m { motion } [
36mfrom[39m [32m"fram
er-motion"[39m[33m;[
39m
[31m[1m>[22m[39m[9
0m 4 |[39m [36mimport
[39m { [33mGithub[39
m[33m,[39m [33mTwitt
er[39m[33m,[39m [33
mLinkedin[39m[33m,[3
9m [33mMail[39m[33m,
[39m [33mMapPin[39m
[33m,[39m [33mSparkle
s[39m[33m,[39m [33m
ExternalLink[39m } [3
6mfrom[39m [32m"lucid
e-react"[39m[33m;[39
m
 [90m   |[39m [31m[
1m^[22m[39m[31m[1m^
[22m[39m[31m[1m^[2
2m[39m[31m[1m^[22m
[39m[31m[1m^[22m[39
m[31m[1m^[22m[39m[
31m[1m^[22m[39m[31m
[1m^[22m[39m[31m[1
m^[22m[39m[31m[1m^
[22m[39m[31m[1m^[22
m[39m[31m[1m^[22m[
39m[31m[1m^[22m[39m
[31m[1m^[22m[39m[3
1m[1m^[22m[39m[31m
[1m^[22m[39m[31m[1m
^[22m[39m[31m[1m^[
22m[39m[31m[1m^[22m
[39m[31m[1m^[22m[3
9m[31m[1m^[22m[39m
[31m[1m^[22m[39m[31
m[1m^[22m[39m[31m[
1m^[22m[39m[31m[1m^
[22m[39m[31m[1m^[2
2m[39m[31m[1m^[22m
[39m[31m[1m^[22m[39
m[31m[1m^[22m[39m[
31m[1m^[22m[39m[31m
[1m^[22m[39m[31m[1
m^[22m[39m[31m[1m^
[22m[39m[31m[1m^[22
m[39m[31m[1m^[22m[
39m[31m[1m^[22m[39m
[31m[1m^[22m[39m[3
1m[1m^[22m[39m[31m
[1m^[22m[39m[31m[1m
^[22m[39m[31m[1m^[
22m[39m[31m[1m^[22m
[39m[31m[1m^[22m[3
9m[31m[1m^[22m[39m
[31m[1m^[22m[39m[31
m[1m^[22m[39m[31m[
1m^[22m[39m[31m[1m^
[22m[39m[31m[1m^[2
2m[39m[31m[1m^[22m
[39m[31m[1m^[22m[39
m[31m[1m^[22m[39m[
31m[1m^[22m[39m[31m
[1m^[22m[39m[31m[1
m^[22m[39m[31m[1m^
[22m[39m[31m[1m^[22
m[39m[31m[1m^[22m[
39m[31m[1m^[22m[39m
[31m[1m^[22m[39m[3
1m[1m^[22m[39m[31m
[1m^[22m[39m[31m[1m
^[22m[39m[31m[1m^[
22m[39m[31m[1m^[22m
[39m[31m[1m^[22m[3
9m[31m[1m^[22m[39m
[31m[1m^[22m[39m[31
m[1m^[22m[39m[31m[
1m^[22m[39m[31m[1m^
[22m[39m[31m[1m^[2
2m[39m[31m[1m^[22m
[39m[31m[1m^[22m[39
m[31m[1m^[22m[39m[
31m[1m^[22m[39m[31m
[1m^[22m[39m[31m[1
m^[22m[39m[31m[1m^
[22m[39m[31m[1m^[22
m[39m[31m[1m^[22m[
39m[31m[1m^[22m[39m
[31m[1m^[22m[39m[3
1m[1m^[22m[39m[31m
[1m^[22m[39m[31m[1m
^[22m[39m[31m[1m^[
22m[39m[31m[1m^[22m
[39m[31m[1m^[22m[3
9m[31m[1m^[22m[39m
[31m[1m^[22m[39m[31
m[1m^[22m[39m[31m[
1m^[22m[39m[31m[1m^
[22m[39m[31m[1m^[2
2m[39m
 [90m 5 |[39m
 [90m 6 |[39m [36mex
port[39m [36mdefault
[39m [36mfunction[39m
 [33mHome[39m() {
 [90m 7 |[39m   [36m
const[39m profile [33
m=[39m {[0m

The export Linkedin was
 not found in module [p
roject]/node_modules/lu
cide-react/dist/esm/luc
ide-react.js [app-clien
t] (ecmascript).
Did you mean to import 
Link?
All exports of the modu
le are statically known
 (It doesn't have dynam
ic exports). So it's kn
own statically that the
 requested export doesn
't exist.

Import traces:
  Client Component Brow
ser:
    ./app/page.tsx [Cli
ent Component Browser]
    ./app/page.tsx [Ser
ver Component]

  Client Component SSR:
    ./app/page.tsx [Cli
ent Component SSR]
    ./app/page.tsx [Ser
ver Component]


./app/page.tsx:4:1
Export Linkedin doesn't
 exist in target module
[0m [90m 2 |[39m
 [90m 3 |[39m [36mim
port[39m { motion } [
36mfrom[39m [32m"fram
er-motion"[39m[33m;[
39m
[31m[1m>[22m[39m[9
0m 4 |[39m [36mimport
[39m { [33mGithub[39
m[33m,[39m [33mTwitt
er[39m[33m,[39m [33
mLinkedin[39m[33m,[3
9m [33mMail[39m[33m,
[39m [33mMapPin[39m
[33m,[39m [33mSparkle
s[39m[33m,[39m [33m
ExternalLink[39m } [3
6mfrom[39m [32m"lucid
e-react"[39m[33m;[39
m
 [90m   |[39m [31m[
1m^[22m[39m[31m[1m^
[22m[39m[31m[1m^[2
2m[39m[31m[1m^[22m
[39m[31m[1m^[22m[39
m[31m[1m^[22m[39m[
31m[1m^[22m[39m[31m
[1m^[22m[39m[31m[1
m^[22m[39m[31m[1m^
[22m[39m[31m[1m^[22
m[39m[31m[1m^[22m[
39m[31m[1m^[22m[39m
[31m[1m^[22m[39m[3
1m[1m^[22m[39m[31m
[1m^[22m[39m[31m[1m
^[22m[39m[31m[1m^[
22m[39m[31m[1m^[22m
[39m[31m[1m^[22m[3
9m[31m[1m^[22m[39m
[31m[1m^[22m[39m[31
m[1m^[22m[39m[31m[
1m^[22m[39m[31m[1m^
[22m[39m[31m[1m^[2
2m[39m[31m[1m^[22m
[39m[31m[1m^[22m[39
m[31m[1m^[22m[39m[
31m[1m^[22m[39m[31m
[1m^[22m[39m[31m[1
m^[22m[39m[31m[1m^
[22m[39m[31m[1m^[22
m[39m[31m[1m^[22m[
39m[31m[1m^[22m[39m
[31m[1m^[22m[39m[3
1m[1m^[22m[39m[31m
[1m^[22m[39m[31m[1m
^[22m[39m[31m[1m^[
22m[39m[31m[1m^[22m
[39m[31m[1m^[22m[3
9m[31m[1m^[22m[39m
[31m[1m^[22m[39m[31
m[1m^[22m[39m[31m[
1m^[22m[39m[31m[1m^
[22m[39m[31m[1m^[2
2m[39m[31m[1m^[22m
[39m[31m[1m^[22m[39
m[31m[1m^[22m[39m[
31m[1m^[22m[39m[31m
[1m^[22m[39m[31m[1
m^[22m[39m[31m[1m^
[22m[39m[31m[1m^[22
m[39m[31m[1m^[22m[
39m[31m[1m^[22m[39m
[31m[1m^[22m[39m[3
1m[1m^[22m[39m[31m
[1m^[22m[39m[31m[1m
^[22m[39m[31m[1m^[
22m[39m[31m[1m^[22m
[39m[31m[1m^[22m[3
9m[31m[1m^[22m[39m
[31m[1m^[22m[39m[31
m[1m^[22m[39m[31m[
1m^[22m[39m[31m[1m^
[22m[39m[31m[1m^[2
2m[39m[31m[1m^[22m
[39m[31m[1m^[22m[39
m[31m[1m^[22m[39m[
31m[1m^[22m[39m[31m
[1m^[22m[39m[31m[1
m^[22m[39m[31m[1m^
[22m[39m[31m[1m^[22
m[39m[31m[1m^[22m[
39m[31m[1m^[22m[39m
[31m[1m^[22m[39m[3
1m[1m^[22m[39m[31m
[1m^[22m[39m[31m[1m
^[22m[39m[31m[1m^[
22m[39m[31m[1m^[22m
[39m[31m[1m^[22m[3
9m[31m[1m^[22m[39m
[31m[1m^[22m[39m[31
m[1m^[22m[39m[31m[
1m^[22m[39m[31m[1m^
[22m[39m[31m[1m^[2
2m[39m
 [90m 5 |[39m
 [90m 6 |[39m [36mex
port[39m [36mdefault
[39m [36mfunction[39m
 [33mHome[39m() {
 [90m 7 |[39m   [36m
const[39m profile [33
m=[39m {[0m

The export Linkedin was
 not found in module [p
roject]/node_modules/lu
cide-react/dist/esm/luc
ide-react.js [app-ssr] 
(ecmascript).
Did you mean to import 
Link?
All exports of the modu
le are statically known
 (It doesn't have dynam
ic exports). So it's kn
own statically that the
 requested export doesn
't exist.

Import traces:
  Client Component Brow
ser:
    ./app/page.tsx [Cli
ent Component Browser]
    ./app/page.tsx [Ser
ver Component]

  Client Component SSR:
    ./app/page.tsx [Cli
ent Component SSR]
    ./app/page.tsx [Ser
ver Component]


./app/page.tsx:4:1
Export Twitter doesn't 
exist in target module
[0m [90m 2 |[39m
 [90m 3 |[39m [36mim
port[39m { motion } [
36mfrom[39m [32m"fram
er-motion"[39m[33m;[
39m
[31m[1m>[22m[39m[9
0m 4 |[39m [36mimport
[39m { [33mGithub[39
m[33m,[39m [33mTwitt
er[39m[33m,[39m [33
mLinkedin[39m[33m,[3
9m [33mMail[39m[33m,
[39m [33mMapPin[39m
[33m,[39m [33mSparkle
s[39m[33m,[39m [33m
ExternalLink[39m } [3
6mfrom[39m [32m"lucid
e-react"[39m[33m;[39
m
 [90m   |[39m [31m[
1m^[22m[39m[31m[1m^
[22m[39m[31m[1m^[2
2m[39m[31m[1m^[22m
[39m[31m[1m^[22m[39
m[31m[1m^[22m[39m[
31m[1m^[22m[39m[31m
[1m^[22m[39m[31m[1
m^[22m[39m[31m[1m^
[22m[39m[31m[1m^[22
m[39m[31m[1m^[22m[
39m[31m[1m^[22m[39m
[31m[1m^[22m[39m[3
1m[1m^[22m[39m[31m
[1m^[22m[39m[31m[1m
^[22m[39m[31m[1m^[
22m[39m[31m[1m^[22m
[39m[31m[1m^[22m[3
9m[31m[1m^[22m[39m
[31m[1m^[22m[39m[31
m[1m^[22m[39m[31m[
1m^[22m[39m[31m[1m^
[22m[39m[31m[1m^[2
2m[39m[31m[1m^[22m
[39m[31m[1m^[22m[39
m[31m[1m^[22m[39m[
31m[1m^[22m[39m[31m
[1m^[22m[39m[31m[1
m^[22m[39m[31m[1m^
[22m[39m[31m[1m^[22
m[39m[31m[1m^[22m[
39m[31m[1m^[22m[39m
[31m[1m^[22m[39m[3
1m[1m^[22m[39m[31m
[1m^[22m[39m[31m[1m
^[22m[39m[31m[1m^[
22m[39m[31m[1m^[22m
[39m[31m[1m^[22m[3
9m[31m[1m^[22m[39m
[31m[1m^[22m[39m[31
m[1m^[22m[39m[31m[
1m^[22m[39m[31m[1m^
[22m[39m[31m[1m^[2
2m[39m[31m[1m^[22m
[39m[31m[1m^[22m[39
m[31m[1m^[22m[39m[
31m[1m^[22m[39m[31m
[1m^[22m[39m[31m[1
m^[22m[39m[31m[1m^
[22m[39m[31m[1m^[22
m[39m[31m[1m^[22m[
39m[31m[1m^[22m[39m
[31m[1m^[22m[39m[3
1m[1m^[22m[39m[31m
[1m^[22m[39m[31m[1m
^[22m[39m[31m[1m^[
22m[39m[31m[1m^[22m
[39m[31m[1m^[22m[3
9m[31m[1m^[22m[39m
[31m[1m^[22m[39m[31
m[1m^[22m[39m[31m[
1m^[22m[39m[31m[1m^
[22m[39m[31m[1m^[2
2m[39m[31m[1m^[22m
[39m[31m[1m^[22m[39
m[31m[1m^[22m[39m[
31m[1m^[22m[39m[31m
[1m^[22m[39m[31m[1
m^[22m[39m[31m[1m^
[22m[39m[31m[1m^[22
m[39m[31m[1m^[22m[
39m[31m[1m^[22m[39m
[31m[1m^[22m[39m[3
1m[1m^[22m[39m[31m
[1m^[22m[39m[31m[1m
^[22m[39m[31m[1m^[
22m[39m[31m[1m^[22m
[39m[31m[1m^[22m[3
9m[31m[1m^[22m[39m
[31m[1m^[22m[39m[31
m[1m^[22m[39m[31m[
1m^[22m[39m[31m[1m^
[22m[39m[31m[1m^[2
2m[39m
 [90m 5 |[39m
 [90m 6 |[39m [36mex
port[39m [36mdefault
[39m [36mfunction[39m
 [33mHome[39m() {
 [90m 7 |[39m   [36m
const[39m profile [33
m=[39m {[0m

The export Twitter was 
not found in module [pr
oject]/node_modules/luc
ide-react/dist/esm/luci
de-react.js [app-client
] (ecmascript).
Did you mean to import 
Timer?
All exports of the modu
le are statically known
 (It doesn't have dynam
ic exports). So it's kn
own statically that the
 requested export doesn
't exist.

Import traces:
  Client Component Brow
ser:
    ./app/page.tsx [Cli
ent Component Browser]
    ./app/page.tsx [Ser
ver Component]

  Client Component SSR:
    ./app/page.tsx [Cli
ent Component SSR]
    ./app/page.tsx [Ser
ver Component]


./app/page.tsx:4:1
Export Twitter doesn't 
exist in target module
[0m [90m 2 |[39m
 [90m 3 |[39m [36mim
port[39m { motion } [
36mfrom[39m [32m"fram
er-motion"[39m[33m;[
39m
[31m[1m>[22m[39m[9
0m 4 |[39m [36mimport
[39m { [33mGithub[39
m[33m,[39m [33mTwitt
er[39m[33m,[39m [33
mLinkedin[39m[33m,[3
9m [33mMail[39m[33m,
[39m [33mMapPin[39m
[33m,[39m [33mSparkle
s[39m[33m,[39m [33m
ExternalLink[39m } [3
6mfrom[39m [32m"lucid
e-react"[39m[33m;[39
m
 [90m   |[39m [31m[
1m^[22m[39m[31m[1m^
[22m[39m[31m[1m^[2
2m[39m[31m[1m^[22m
[39m[31m[1m^[22m[39
m[31m[1m^[22m[39m[
31m[1m^[22m[39m[31m
[1m^[22m[39m[31m[1
m^[22m[39m[31m[1m^
[22m[39m[31m[1m^[22
m[39m[31m[1m^[22m[
39m[31m[1m^[22m[39m
[31m[1m^[22m[39m[3
1m[1m^[22m[39m[31m
[1m^[22m[39m[31m[1m
^[22m[39m[31m[1m^[
22m[39m[31m[1m^[22m
[39m[31m[1m^[22m[3
9m[31m[1m^[22m[39m
[31m[1m^[22m[39m[31
m[1m^[22m[39m[31m[
1m^[22m[39m[31m[1m^
[22m[39m[31m[1m^[2
2m[39m[31m[1m^[22m
[39m[31m[1m^[22m[39
m[31m[1m^[22m[39m[
31m[1m^[22m[39m[31m
[1m^[22m[39m[31m[1
m^[22m[39m[31m[1m^
[22m[39m[31m[1m^[22
m[39m[31m[1m^[22m[
39m[31m[1m^[22m[39m
[31m[1m^[22m[39m[3
1m[1m^[22m[39m[31m
[1m^[22m[39m[31m[1m
^[22m[39m[31m[1m^[
22m[39m[31m[1m^[22m
[39m[31m[1m^[22m[3
9m[31m[1m^[22m[39m
[31m[1m^[22m[39m[31
m[1m^[22m[39m[31m[
1m^[22m[39m[31m[1m^
[22m[39m[31m[1m^[2
2m[39m[31m[1m^[22m
[39m[31m[1m^[22m[39
m[31m[1m^[22m[39m[
31m[1m^[22m[39m[31m
[1m^[22m[39m[31m[1
m^[22m[39m[31m[1m^
[22m[39m[31m[1m^[22
m[39m[31m[1m^[22m[
39m[31m[1m^[22m[39m
[31m[1m^[22m[39m[3
1m[1m^[22m[39m[31m
[1m^[22m[39m[31m[1m
^[22m[39m[31m[1m^[
22m[39m[31m[1m^[22m
[39m[31m[1m^[22m[3
9m[31m[1m^[22m[39m
[31m[1m^[22m[39m[31
m[1m^[22m[39m[31m[
1m^[22m[39m[31m[1m^
[22m[39m[31m[1m^[2
2m[39m[31m[1m^[22m
[39m[31m[1m^[22m[39
m[31m[1m^[22m[39m[
31m[1m^[22m[39m[31m
[1m^[22m[39m[31m[1
m^[22m[39m[31m[1m^
[22m[39m[31m[1m^[22
m[39m[31m[1m^[22m[
39m[31m[1m^[22m[39m
[31m[1m^[22m[39m[3
1m[1m^[22m[39m[31m
[1m^[22m[39m[31m[1m
^[22m[39m[31m[1m^[
22m[39m[31m[1m^[22m
[39m[31m[1m^[22m[3
9m[31m[1m^[22m[39m
[31m[1m^[22m[39m[31
m[1m^[22m[39m[31m[
1m^[22m[39m[31m[1m^
[22m[39m[31m[1m^[2
2m[39m
 [90m 5 |[39m
 [90m 6 |[39m [36mex
port[39m [36mdefault
[39m [36mfunction[39m
 [33mHome[39m() {
 [90m 7 |[39m   [36m
const[39m profile [33
m=[39m {[0m

The export Twitter was 
not found in module [pr
oject]/node_modules/luc
ide-react/dist/esm/luci
de-react.js [app-ssr] (
ecmascript).
Did you mean to import 
Timer?
All exports of the modu
le are statically known
 (It doesn't have dynam
ic exports). So it's kn
own statically that the
 requested export doesn
't exist.

Import traces:
  Client Component Brow
ser:
    ./app/page.tsx [Cli
ent Component Browser]
    ./app/page.tsx [Ser
ver Component]

  Client Component SSR:
    ./app/page.tsx [Cli
ent Component SSR]
    ./app/page.tsx [Ser
ver Component]


    at <unknown> (./app
/page.tsx:4:1)
    at <unknown> (./app
/page.tsx:4:1)
    at <unknown> (./app
/page.tsx:4:1)
    at <unknown> (./app
/page.tsx:4:1)
    at <unknown> (./app
/page.tsx:4:1)
    at <unknown> (./app
/page.tsx:4:1)
